{"C:\\Users\\julie\\OneDrive\\Documents\\GitHub\\basesJS\\P6\\test-js\\add.js": {"path":"C:\\Users\\julie\\OneDrive\\Documents\\GitHub\\basesJS\\P6\\test-js\\add.js","statementMap":{"0":{"start":{"line":8,"column":2},"end":{"line":8,"column":15}},"1":{"start":{"line":11,"column":0},"end":{"line":11,"column":24}}},"fnMap":{"0":{"name":"addNum","decl":{"start":{"line":7,"column":9},"end":{"line":7,"column":15}},"loc":{"start":{"line":7,"column":22},"end":{"line":9,"column":1}},"line":7}},"branchMap":{},"s":{"0":2,"1":1},"f":{"0":2},"b":{},"_coverageSchema":"1a1c01bbd47fc00a2c39e90264f33305004495a9","hash":"b6a85bb0d88c7b9b844b42c50741c88f779076f4"}
,"C:\\Users\\julie\\OneDrive\\Documents\\GitHub\\basesJS\\P6\\test-js\\fusionArray.js": {"path":"C:\\Users\\julie\\OneDrive\\Documents\\GitHub\\basesJS\\P6\\test-js\\fusionArray.js","statementMap":{"0":{"start":{"line":2,"column":2},"end":{"line":2,"column":28}},"1":{"start":{"line":6,"column":2},"end":{"line":6,"column":14}},"2":{"start":{"line":9,"column":0},"end":{"line":9,"column":29}}},"fnMap":{"0":{"name":"fusionArray","decl":{"start":{"line":1,"column":9},"end":{"line":1,"column":20}},"loc":{"start":{"line":1,"column":33},"end":{"line":3,"column":1}},"line":1},"1":{"name":"cloneArray","decl":{"start":{"line":5,"column":9},"end":{"line":5,"column":19}},"loc":{"start":{"line":5,"column":26},"end":{"line":7,"column":1}},"line":5}},"branchMap":{},"s":{"0":2,"1":0,"2":1},"f":{"0":2,"1":0},"b":{},"_coverageSchema":"1a1c01bbd47fc00a2c39e90264f33305004495a9","hash":"a767d00e64408be81924a09afbe453096b68a116"}
}
